[debug] [2024-10-06T14:04:13.218Z] ----------------------------------------------------------------------
[debug] [2024-10-06T14:04:13.221Z] Command:       C:\Program Files\nodejs\node.exe C:\Users\thebo\AppData\Roaming\npm\node_modules\firebase-tools\lib\bin\firebase.js init
[debug] [2024-10-06T14:04:13.221Z] CLI Version:   13.20.2
[debug] [2024-10-06T14:04:13.221Z] Platform:      win32
[debug] [2024-10-06T14:04:13.221Z] Node Version:  v20.16.0
[debug] [2024-10-06T14:04:13.221Z] Time:          Sun Oct 06 2024 19:34:13 GMT+0530 (India Standard Time)
[debug] [2024-10-06T14:04:13.222Z] ----------------------------------------------------------------------
[debug] 
[debug] [2024-10-06T14:04:13.227Z] > command requires scopes: ["email","openid","https://www.googleapis.com/auth/cloudplatformprojects.readonly","https://www.googleapis.com/auth/firebase","https://www.googleapis.com/auth/cloud-platform"]
[debug] [2024-10-06T14:04:13.228Z] > authorizing via signed-in user (therockwwef@gmail.com)
[info] 
     ######## #### ########  ######## ########     ###     ######  ########
     ##        ##  ##     ## ##       ##     ##  ##   ##  ##       ##
     ######    ##  ########  ######   ########  #########  ######  ######
     ##        ##  ##    ##  ##       ##     ## ##     ##       ## ##
     ##       #### ##     ## ######## ########  ##     ##  ######  ########

You're about to initialize a Firebase project in this directory:

  F:\codes\scorce

[info] 
=== Project Setup
[info] 
[info] First, let's associate this project directory with a Firebase project.
[info] You can create multiple project aliases by running firebase use --add, 
[info] but for now we'll just set up a default project.
[info] 
[debug] [2024-10-06T14:04:20.377Z] Checked if tokens are valid: false, expires at: 1728224227682
[debug] [2024-10-06T14:04:20.377Z] Checked if tokens are valid: false, expires at: 1728224227682
[debug] [2024-10-06T14:04:20.377Z] > refreshing access token with scopes: []
[debug] [2024-10-06T14:04:20.379Z] >>> [apiv2][query] POST https://www.googleapis.com/oauth2/v3/token [none]
[debug] [2024-10-06T14:04:20.379Z] >>> [apiv2][body] POST https://www.googleapis.com/oauth2/v3/token [omitted]
[debug] [2024-10-06T14:04:21.177Z] <<< [apiv2][status] POST https://www.googleapis.com/oauth2/v3/token 200
[debug] [2024-10-06T14:04:21.177Z] <<< [apiv2][body] POST https://www.googleapis.com/oauth2/v3/token [omitted]
[debug] [2024-10-06T14:04:21.189Z] >>> [apiv2][query] GET https://firebase.googleapis.com/v1beta1/projects pageSize=100
[debug] [2024-10-06T14:04:22.715Z] <<< [apiv2][status] GET https://firebase.googleapis.com/v1beta1/projects 200
[debug] [2024-10-06T14:04:22.715Z] <<< [apiv2][body] GET https://firebase.googleapis.com/v1beta1/projects [omitted]
[info] i  Using project scorce-350a5 (scorce) 
[info] 
=== Hosting Setup
[debug] [2024-10-06T14:04:24.620Z] Checked if tokens are valid: true, expires at: 1728227060177
[debug] [2024-10-06T14:04:24.620Z] Checked if tokens are valid: true, expires at: 1728227060177
[debug] [2024-10-06T14:04:24.620Z] >>> [apiv2][query] GET https://firebase.googleapis.com/v1beta1/projects/scorce-350a5 [none]
[debug] [2024-10-06T14:04:25.035Z] <<< [apiv2][status] GET https://firebase.googleapis.com/v1beta1/projects/scorce-350a5 200
[debug] [2024-10-06T14:04:25.036Z] <<< [apiv2][body] GET https://firebase.googleapis.com/v1beta1/projects/scorce-350a5 {"projectId":"scorce-350a5","projectNumber":"307902396079","displayName":"scorce","name":"projects/scorce-350a5","resources":{"hostingSite":"scorce-350a5"},"state":"ACTIVE","etag":"1_58d02a2c-d137-45af-badd-eb349b3444a9"}
[info] 
[info] Your public directory is the folder (relative to your project directory) that
[info] will contain Hosting assets to be uploaded with firebase deploy. If you
[info] have a build process for your assets, use your build's output directory.
[info] 
[info] i  Skipping write of public/404.html 
[debug] [2024-10-06T14:05:40.106Z] >>> [apiv2][query] GET https://www.gstatic.com/firebasejs/releases.json [none]
[debug] [2024-10-06T14:05:40.694Z] <<< [apiv2][status] GET https://www.gstatic.com/firebasejs/releases.json 200
[debug] [2024-10-06T14:05:40.694Z] <<< [apiv2][body] GET https://www.gstatic.com/firebasejs/releases.json {"current":{"version":"10.14.0","browserURL":"https://www.gstatic.com/firebasejs/10.14.0/firebase.js","packageURL":"https://www.gstatic.com/firebasejs/10.14.0/firebase.tgz"},"live":{"version":"10.14","browserURL":"https://www.gstatic.com/firebasejs/live/10.14/firebase.js","packageURL":"https://www.gstatic.com/firebasejs/live/10.14/firebase.tgz"},"components":{"analytics":"https://www.gstatic.com/firebasejs/10.14.0/firebase-analytics.js","app":"https://www.gstatic.com/firebasejs/10.14.0/firebase-app.js","app-check":"https://www.gstatic.com/firebasejs/10.14.0/firebase-app-check.js","auth":"https://www.gstatic.com/firebasejs/10.14.0/firebase-auth.js","auth/cordova":"https://www.gstatic.com/firebasejs/10.14.0/firebase-auth/cordova.js","auth/web-extension":"https://www.gstatic.com/firebasejs/10.14.0/firebase-auth/web-extension.js","functions":"https://www.gstatic.com/firebasejs/10.14.0/firebase-functions.js","firestore":"https://www.gstatic.com/firebasejs/10.14.0/firebase-firestore.js","firestore/lite":"https://www.gstatic.com/firebasejs/10.14.0/firebase-firestore/lite.js","installations":"https://www.gstatic.com/firebasejs/10.14.0/firebase-installations.js","storage":"https://www.gstatic.com/firebasejs/10.14.0/firebase-storage.js","performance":"https://www.gstatic.com/firebasejs/10.14.0/firebase-performance.js","remote-config":"https://www.gstatic.com/firebasejs/10.14.0/firebase-remote-config.js","messaging":"https://www.gstatic.com/firebasejs/10.14.0/firebase-messaging.js","messaging/sw":"https://www.gstatic.com/firebasejs/10.14.0/firebase-messaging/sw.js","database":"https://www.gstatic.com/firebasejs/10.14.0/firebase-database.js","data-connect":"https://www.gstatic.com/firebasejs/10.14.0/firebase-data-connect.js","vertexai-preview":"https://www.gstatic.com/firebasejs/10.14.0/firebase-vertexai-preview.js","firestore.memory":"https://www.gstatic.com/firebasejs/10.14.0/firebase-firestore.memory.js"}}
[info] i  Skipping write of public/index.html 
[info] 
[info] i  Detected a .git folder at F:\codes\scorce 
[info] i  Authorizing with GitHub to upload your service account to a GitHub repository's secrets store. 
[info] 
[info] Visit this URL on this device to log in:
[info] https://github.com/login/oauth/authorize?client_id=89cf50f02ac6aaed3484&state=347089923&redirect_uri=http%3A%2F%2Flocalhost%3A9005&scope=read%3Auser%20repo%20public_repo
[info] 
[info] Waiting for authentication...
[debug] [2024-10-06T14:05:56.553Z] >>> [apiv2][query] POST https://github.com/login/oauth/access_token [none]
[debug] [2024-10-06T14:05:56.554Z] >>> [apiv2][body] POST https://github.com/login/oauth/access_token [stream]
[debug] [2024-10-06T14:05:57.303Z] <<< [apiv2][status] POST https://github.com/login/oauth/access_token 200
[debug] [2024-10-06T14:05:57.303Z] <<< [apiv2][body] POST https://github.com/login/oauth/access_token {"access_token":"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","token_type":"bearer","scope":"read:user,repo"}
[debug] [2024-10-06T14:05:57.308Z] >>> [apiv2][query] GET https://api.github.com/user [none]
[debug] [2024-10-06T14:05:58.445Z] <<< [apiv2][status] GET https://api.github.com/user 200
[debug] [2024-10-06T14:05:58.445Z] <<< [apiv2][body] GET https://api.github.com/user {"login":"aashdash","id":58559823,"node_id":"MDQ6VXNlcjU4NTU5ODIz","avatar_url":"https://avatars.githubusercontent.com/u/58559823?v=4","gravatar_id":"","url":"https://api.github.com/users/aashdash","html_url":"https://github.com/aashdash","followers_url":"https://api.github.com/users/aashdash/followers","following_url":"https://api.github.com/users/aashdash/following{/other_user}","gists_url":"https://api.github.com/users/aashdash/gists{/gist_id}","starred_url":"https://api.github.com/users/aashdash/starred{/owner}{/repo}","subscriptions_url":"https://api.github.com/users/aashdash/subscriptions","organizations_url":"https://api.github.com/users/aashdash/orgs","repos_url":"https://api.github.com/users/aashdash/repos","events_url":"https://api.github.com/users/aashdash/events{/privacy}","received_events_url":"https://api.github.com/users/aashdash/received_events","type":"User","site_admin":false,"name":null,"company":null,"blog":"","location":null,"email":null,"hireable":null,"bio":null,"twitter_username":null,"notification_email":null,"public_repos":4,"public_gists":0,"followers":0,"following":0,"created_at":"2019-12-05T14:04:44Z","updated_at":"2024-04-03T05:08:45Z","private_gists":0,"total_private_repos":0,"owned_private_repos":0,"disk_usage":13882,"collaborators":0,"two_factor_authentication":false,"plan":{"name":"free","space":976562499,"collaborators":0,"private_repos":10000}}
[info] 
[info] +  Success! Logged into GitHub as aashdash 
[info] 
